[LogsIOS_iphone 14 pro max INFO ] 2023-08-04 18:07:30.457 LoginTests:72-menu clicked!
[LogsIOS_iphone 14 pro max INFO ] 2023-08-04 18:07:34.665 LoginTests:74-menu clicked!
[LogsIOS_iphone 14 pro max INFO ] 2023-08-04 18:07:38.117 LoginTests:76-log-in link clicked!
[LogsIOS_iphone 14 pro max INFO ] 2023-08-04 18:07:43.044 LoginTests:78-username entered!
[LogsIOS_iphone 14 pro max INFO ] 2023-08-04 18:07:49.109 LoginTests:80-password entered!
[LogsIOS_iphone 14 pro max INFO ] 2023-08-04 18:07:53.060 LoginTests:82-login button clicked!
[LogsIOS_iphone 14 pro max INFO ] 2023-08-04 18:07:56.966 LoginTests:88-Assertion is successful of error message
[LogsIOS_iphone 14 pro max INFO ] 2023-08-04 19:26:17.487 BaseTest:130-log path: Logs\IOS_iphone 14 pro max
[LogsIOS_iphone 14 pro max INFO ] 2023-08-04 19:26:35.625 LoginTests:72-menu clicked!
[LogsIOS_iphone 14 pro max INFO ] 2023-08-04 19:26:37.361 LoginTests:74-menu clicked!
[LogsIOS_iphone 14 pro max INFO ] 2023-08-04 19:26:38.676 LoginTests:76-log-in link clicked!
[LogsIOS_iphone 14 pro max INFO ] 2023-08-04 19:26:41.064 LoginTests:78-username entered!
[LogsIOS_iphone 14 pro max INFO ] 2023-08-04 19:26:43.680 LoginTests:80-password entered!
[LogsIOS_iphone 14 pro max INFO ] 2023-08-04 19:26:45.663 LoginTests:82-login button clicked!
[LogsIOS_iphone 14 pro max INFO ] 2023-08-04 19:26:47.134 LoginTests:88-Assertion is successful of error message
[LogsIOS_iphone 14 pro max INFO ] 2023-08-04 19:29:15.560 BaseTest:130-log path: Logs\IOS_iphone 14 pro max
[LogsIOS_iphone 14 pro max INFO ] 2023-08-04 19:29:36.196 LoginTests:72-menu clicked!
[LogsIOS_iphone 14 pro max INFO ] 2023-08-04 19:29:38.135 LoginTests:74-menu clicked!
[LogsIOS_iphone 14 pro max INFO ] 2023-08-04 19:29:39.563 LoginTests:76-log-in link clicked!
[LogsIOS_iphone 14 pro max INFO ] 2023-08-04 19:29:43.409 LoginTests:78-username entered!
[LogsIOS_iphone 14 pro max INFO ] 2023-08-04 19:29:45.976 LoginTests:80-password entered!
[LogsIOS_iphone 14 pro max INFO ] 2023-08-04 19:29:48.182 LoginTests:82-login button clicked!
[LogsIOS_iphone 14 pro max INFO ] 2023-08-04 19:29:49.691 LoginTests:88-Assertion is successful of error message
[LogsIOS_iphone 14 pro max INFO ] 2023-08-04 19:36:53.870 BaseTest:130-log path: Logs\IOS_iphone 14 pro max
[LogsIOS_iphone 14 pro max INFO ] 2023-08-04 19:37:10.951 LoginTests:72-menu clicked!
[LogsIOS_iphone 14 pro max INFO ] 2023-08-04 19:37:12.664 LoginTests:74-menu clicked!
[LogsIOS_iphone 14 pro max INFO ] 2023-08-04 19:37:13.950 LoginTests:76-log-in link clicked!
[LogsIOS_iphone 14 pro max INFO ] 2023-08-04 19:37:16.245 LoginTests:78-username entered!
[LogsIOS_iphone 14 pro max INFO ] 2023-08-04 19:37:18.756 LoginTests:80-password entered!
[LogsIOS_iphone 14 pro max INFO ] 2023-08-04 19:37:20.736 LoginTests:82-login button clicked!
[LogsIOS_iphone 14 pro max INFO ] 2023-08-04 19:37:21.828 LoginTests:88-Assertion is successful of error message
